[2024-03-24 13:41:38,803: INFO: main: Welcome to our custom log]
[2024-03-26 00:08:29,197: INFO: common: yaml file: config\config.yaml loaded successfully]
[2024-03-26 00:08:29,557: INFO: common: yaml file: params.yaml loaded successfully]
[2024-03-26 00:08:29,561: INFO: common: created directory at: artifacts]
[2024-03-26 00:11:42,487: INFO: common: yaml file: config\config.yaml loaded successfully]
[2024-03-26 00:11:42,489: INFO: common: yaml file: params.yaml loaded successfully]
[2024-03-26 00:11:42,490: INFO: common: created directory at: artifacts]
[2024-03-26 00:11:42,492: INFO: common: created directory at: artifacts/data_ingestion]
[2024-03-26 00:11:42,495: INFO: 986331348: Downloading data from https://drive.google.com/file/d/1vlhZ5c7abUKF8xXERIw6m9Te8fW7ohw3/view?usp=sharing into file artifacts/data_ingestion/data.zip]
[2024-03-26 00:12:02,388: INFO: 986331348: Downloaded data from https://drive.google.com/file/d/1vlhZ5c7abUKF8xXERIw6m9Te8fW7ohw3/view?usp=sharing into file artifacts/data_ingestion/data.zip]
[2024-03-26 00:53:25,431: INFO: main: >>>>>> stage Data Ingestion stage started <<<<<<]
[2024-03-26 00:53:25,443: INFO: common: yaml file: config\config.yaml loaded successfully]
[2024-03-26 00:53:25,444: INFO: common: yaml file: params.yaml loaded successfully]
[2024-03-26 00:53:25,445: INFO: common: created directory at: artifacts]
[2024-03-26 00:53:25,445: INFO: common: created directory at: artifacts/data_ingestion]
[2024-03-26 00:53:25,446: INFO: data_ingestion: Downloading data from https://drive.google.com/file/d/1vlhZ5c7abUKF8xXERIw6m9Te8fW7ohw3/view?usp=sharing into file artifacts/data_ingestion/data.zip]
[2024-03-26 00:53:37,505: INFO: data_ingestion: Downloaded data from https://drive.google.com/file/d/1vlhZ5c7abUKF8xXERIw6m9Te8fW7ohw3/view?usp=sharing into file artifacts/data_ingestion/data.zip]
[2024-03-26 00:53:38,188: INFO: main: >>>>>> stage Data Ingestion stage completed <<<<<<

x==========x]
[2024-03-26 01:29:42,609: INFO: common: yaml file: config\config.yaml loaded successfully]
[2024-03-26 01:29:42,614: INFO: common: yaml file: params.yaml loaded successfully]
[2024-03-26 01:29:42,630: INFO: common: created directory at: artifacts]
[2024-03-26 01:33:17,389: INFO: common: yaml file: config\config.yaml loaded successfully]
[2024-03-26 01:33:17,393: INFO: common: yaml file: params.yaml loaded successfully]
[2024-03-26 01:33:17,395: INFO: common: created directory at: artifacts]
[2024-03-26 01:33:17,397: INFO: common: created directory at: artifacts/prepare_base_model]
[2024-03-26 01:33:19,697: WARNING: saving_utils: Compiled the loaded model, but the compiled metrics have yet to be built. `model.compile_metrics` will be empty until you train or evaluate the model.]
[2024-03-26 01:43:35,218: INFO: main: >>>>>> stage Data Ingestion stage started <<<<<<]
[2024-03-26 01:43:35,236: INFO: common: yaml file: config\config.yaml loaded successfully]
[2024-03-26 01:43:35,238: INFO: common: yaml file: params.yaml loaded successfully]
[2024-03-26 01:43:35,239: INFO: common: created directory at: artifacts]
[2024-03-26 01:43:35,239: INFO: common: created directory at: artifacts/data_ingestion]
[2024-03-26 01:43:35,240: INFO: data_ingestion: Downloading data from https://drive.google.com/file/d/1vlhZ5c7abUKF8xXERIw6m9Te8fW7ohw3/view?usp=sharing into file artifacts/data_ingestion/data.zip]
[2024-03-26 01:43:48,519: INFO: data_ingestion: Downloaded data from https://drive.google.com/file/d/1vlhZ5c7abUKF8xXERIw6m9Te8fW7ohw3/view?usp=sharing into file artifacts/data_ingestion/data.zip]
[2024-03-26 01:43:49,168: INFO: main: >>>>>> stage Data Ingestion stage completed <<<<<<

x==========x]
[2024-03-26 01:43:49,168: INFO: main: *******************]
[2024-03-26 01:43:49,168: INFO: main: >>>>>> stage Prepare base model started <<<<<<]
[2024-03-26 01:43:49,170: INFO: common: yaml file: config\config.yaml loaded successfully]
[2024-03-26 01:43:49,172: INFO: common: yaml file: params.yaml loaded successfully]
[2024-03-26 01:43:49,173: INFO: common: created directory at: artifacts]
[2024-03-26 01:43:49,174: INFO: common: created directory at: artifacts/prepare_base_model]
[2024-03-26 01:43:49,710: WARNING: saving_utils: Compiled the loaded model, but the compiled metrics have yet to be built. `model.compile_metrics` will be empty until you train or evaluate the model.]
[2024-03-26 01:43:50,978: INFO: main: >>>>>> stage Prepare base model completed <<<<<<

x==========x]
